This is pdfTeX, Version 3.1415926-1.40.11 (MiKTeX 2.9) (preloaded format=pdflatex 2013.3.19)  22 MAR 2013 14:52
entering extended mode
**D:/research/circu/thesis/MasterPaper/chap2.tex
(D:/research/circu/thesis/MasterPaper/chap2.tex
LaTeX2e <2009/09/24>
Babel <v3.8l> and hyphenation patterns for loaded.
! Undefined control sequence.
l.1 \chapter
            {预备知识}
? 
! Emergency stop.
l.1 \chapter
            {预备知识}
End of file on the terminal!

 
Here is how much of TeX's memory you used:
 7 strings out of 495362
 188 string characters out of 3184023
 44825 words of memory out of 3000000
 3272 multiletter control sequences out of 15000+200000
 3640 words of font info for 14 fonts, out of 3000000 for 9000
 14 hyphenation exceptions out of 8191
 5i,0n,1p,68b,8s stack positions out of 5000i,500n,10000p,200000b,50000s
!  ==> Fatal error occurred, no output PDF file produced!
