\BOOKMARK [0][-]{section*.1}{摘 要}{}% 1
\BOOKMARK [0][-]{section*.2}{Abstract}{}% 2
\BOOKMARK [0][-]{section*.3}{目 录}{}% 3
\BOOKMARK [0][-]{chapter.1}{第1章 引言}{}% 4
\BOOKMARK [1][-]{section.1.1}{研究背景与现状}{chapter.1}% 5
\BOOKMARK [1][-]{section.1.2}{国内外研究现状}{chapter.1}% 6
\BOOKMARK [1][-]{section.1.3}{本文的工作及意义}{chapter.1}% 7
\BOOKMARK [1][-]{section.1.4}{本文的安排结构}{chapter.1}% 8
\BOOKMARK [0][-]{chapter.2}{第2章 预备知识}{}% 9
\BOOKMARK [1][-]{section.2.1}{命题逻辑}{chapter.2}% 10
\BOOKMARK [1][-]{section.2.2}{逻辑程序}{chapter.2}% 11
\BOOKMARK [1][-]{section.2.3}{回答集编程}{chapter.2}% 12
\BOOKMARK [1][-]{section.2.4}{分割集与程序分割}{chapter.2}% 13
\BOOKMARK [0][-]{chapter.3}{第3章 新分割集与程序分割}{}% 14
\BOOKMARK [1][-]{section.3.1}{新分割集}{chapter.3}% 15
\BOOKMARK [1][-]{section.3.2}{新程序分割方法}{chapter.3}% 16
\BOOKMARK [1][-]{section.3.3}{翻译优化}{chapter.3}% 17
\BOOKMARK [1][-]{section.3.4}{可译性}{chapter.3}% 18
\BOOKMARK [1][-]{section.3.5}{本章小结}{chapter.3}% 19
\BOOKMARK [0][-]{section*.5}{参考文献}{}% 20
