\BOOKMARK [0][-]{section*.1}{摘 要}{}% 1
\BOOKMARK [0][-]{section*.2}{Abstract}{}% 2
\BOOKMARK [0][-]{section*.3}{目 录}{}% 3
\BOOKMARK [0][-]{chapter.1}{第1章 引言}{}% 4
\BOOKMARK [1][-]{section.1.1}{研究背景与现状}{chapter.1}% 5
\BOOKMARK [1][-]{section.1.2}{国内外研究现状}{chapter.1}% 6
\BOOKMARK [1][-]{section.1.3}{本文的工作及意义}{chapter.1}% 7
\BOOKMARK [1][-]{section.1.4}{本文的安排结构}{chapter.1}% 8
\BOOKMARK [0][-]{chapter.2}{第2章 预备知识}{}% 9
\BOOKMARK [1][-]{section.2.1}{命题逻辑}{chapter.2}% 10
\BOOKMARK [1][-]{section.2.2}{逻辑程序}{chapter.2}% 11
\BOOKMARK [1][-]{section.2.3}{回答集编程}{chapter.2}% 12
\BOOKMARK [1][-]{section.2.4}{分割集与程序分割}{chapter.2}% 13
\BOOKMARK [0][-]{chapter.3}{第3章 新分割集与程序分割}{}% 14
\BOOKMARK [1][-]{section.3.1}{新分割集}{chapter.3}% 15
\BOOKMARK [1][-]{section.3.2}{新程序分割方法}{chapter.3}% 16
\BOOKMARK [1][-]{section.3.3}{计算复杂性分析}{chapter.3}% 17
\BOOKMARK [1][-]{section.3.4}{本章小结}{chapter.3}% 18
\BOOKMARK [0][-]{chapter.4}{第4章 新分割理论的应用}{}% 19
\BOOKMARK [1][-]{section.4.1}{程序化简}{chapter.4}% 20
\BOOKMARK [1][-]{section.4.2}{可靠集}{chapter.4}% 21
\BOOKMARK [1][-]{section.4.3}{主要算法实现}{chapter.4}% 22
\BOOKMARK [1][-]{section.4.4}{本章小结}{chapter.4}% 23
\BOOKMARK [0][-]{chapter.5}{第5章 实验结果与分析}{}% 24
\BOOKMARK [1][-]{section.5.1}{实验概述}{chapter.5}% 25
\BOOKMARK [1][-]{section.5.2}{正确性验证}{chapter.5}% 26
\BOOKMARK [1][-]{section.5.3}{效率分析}{chapter.5}% 27
\BOOKMARK [1][-]{section.5.4}{本章小结}{chapter.5}% 28
\BOOKMARK [0][-]{chapter.6}{第6章 应用的研究}{}% 29
\BOOKMARK [1][-]{section.6.1}{电路诊断问题}{chapter.6}% 30
\BOOKMARK [1][-]{section.6.2}{稳定婚姻问题}{chapter.6}% 31
\BOOKMARK [1][-]{section.6.3}{实验结果}{chapter.6}% 32
\BOOKMARK [1][-]{section.6.4}{本章小结}{chapter.6}% 33
\BOOKMARK [0][-]{chapter.7}{第7章 总结与展望}{}% 34
\BOOKMARK [1][-]{section.7.1}{本文的工作总结}{chapter.7}% 35
\BOOKMARK [1][-]{section.7.2}{未来的工作}{chapter.7}% 36
\BOOKMARK [0][-]{section*.5}{参考文献}{}% 37
\BOOKMARK [0][-]{chapter*.7}{致 谢}{}% 38
