This is pdfTeX, Version 3.1415926-2.3-1.40.12 (MiKTeX 2.9) (preloaded format=pdftex 2013.4.13)  13 APR 2013 20:58
entering extended mode
**D:/research/circu/thesis/MasterPaper/reference.bib
(D:/research/circu/thesis/MasterPaper/reference.bib
Missing character: There is no » in font cmr10!
Missing character: There is no ù in font cmr10!
Missing character: There is no Ó in font cmr10!
Missing character: There is no Ú in font cmr10!
Missing character: There is no Ï in font cmr10!
Missing character: There is no Þ in font cmr10!
Missing character: There is no ¶ in font cmr10!
Missing character: There is no ¨ in font cmr10!
Missing character: There is no µ in font cmr10!
Missing character: There is no Ä in font cmr10!
Missing character: There is no Ë in font cmr10!
Missing character: There is no Ý in font cmr10!
Missing character: There is no Ò in font cmr10!
Missing character: There is no ò in font cmr10!
Missing character: There is no Î in font cmr10!
Missing character: There is no Ê in font cmr10!
Missing character: There is no Ì in font cmr10!
Missing character: There is no â in font cmr10!
Missing character: There is no Ç in font cmr10!
Missing character: There is no ó in font cmr10!
Missing character: There is no ½ in font cmr10!
Missing character: There is no â in font cmr10!
Missing character: There is no ³ in font cmr10!
Missing character: There is no Â in font cmr10!
Missing character: There is no ± in font cmr10!
Missing character: There is no £ in font cmr10!
Missing character: There is no Æ in font cmr10!
Missing character: There is no ½ in font cmr10!
Missing character: There is no Ë in font cmr10!
Missing character: There is no ï in font cmr10!
Missing character: There is no ¼ in font cmr10!
Missing character: There is no ª in font cmr10!
Missing character: There is no ¹ in font cmr10!
Missing character: There is no ó in font cmr10!
Missing character: There is no È in font cmr10!
Missing character: There is no í in font cmr10!
Missing character: There is no ¼ in font cmr10!
Missing character: There is no þ in font cmr10!
Missing character: There is no Ñ in font cmr10!
Missing character: There is no § in font cmr10!
Missing character: There is no ± in font cmr10!
Missing character: There is no ¨ in font cmr10!
Missing character: There is no » in font cmr10!
Missing character: There is no ù in font cmr10!
Missing character: There is no Ó in font cmr10!
Missing character: There is no Ú in font cmr10!
Missing character: There is no Ï in font cmr10!
Missing character: There is no Þ in font cmr10!
Missing character: There is no ¶ in font cmr10!
Missing character: There is no ¨ in font cmr10!
Missing character: There is no µ in font cmr10!
Missing character: There is no Ä in font cmr10!
Missing character: There is no ¹ in font cmr10!
Missing character: There is no æ in font cmr10!
Missing character: There is no » in font cmr10!
Missing character: There is no ® in font cmr10!
Missing character: There is no Ê in font cmr10!
Missing character: There is no ¶ in font cmr10!
Missing character: There is no ± in font cmr10!
Missing character: There is no ð in font cmr10!
Missing character: There is no Î in font cmr10!
Missing character: There is no Ê in font cmr10!
Missing character: There is no Ì in font cmr10!
Missing character: There is no â in font cmr10!
Missing character: There is no Ç in font cmr10!
Missing character: There is no ó in font cmr10!
Missing character: There is no ½ in font cmr10!
Missing character: There is no â in font cmr10!
Missing character: There is no ½ in font cmr10!
Missing character: There is no ª in font cmr10!
Missing character: There is no Ô in font cmr10!
Missing character: There is no Æ in font cmr10!
Missing character: There is no · in font cmr10!
Missing character: There is no É in font cmr10!
Missing character: There is no Â in font cmr10!
Missing character: There is no í in font cmr10!
Missing character: There is no Ä in font cmr10!
Missing character: There is no þ in font cmr10!
Missing character: There is no ¼ in font cmr10!
Missing character: There is no Æ in font cmr10!
Missing character: There is no Ë in font cmr10!
Missing character: There is no ã in font cmr10!
Missing character: There is no » in font cmr10!
Missing character: There is no ú in font cmr10!
Missing character: There is no Ñ in font cmr10!
Missing character: There is no § in font cmr10!
Missing character: There is no ± in font cmr10!
Missing character: There is no ¨ in font cmr10!
Missing character: There is no Í in font cmr10!
Missing character: There is no ò in font cmr10!
Missing character: There is no · in font cmr10!
Missing character: There is no ½ in font cmr10!
Missing character: There is no Ê in font cmr10!
Missing character: There is no ý in font cmr10!
Missing character: There is no ¾ in font cmr10!
Missing character: There is no Ý in font cmr10!
Missing character: There is no × in font cmr10!
Missing character: There is no Ê in font cmr10!
Missing character: There is no Ô in font cmr10!
Missing character: There is no ´ in font cmr10!
Missing character: There is no Ï in font cmr10!
Missing character: There is no µ in font cmr10!
Missing character: There is no Í in font cmr10!
Missing character: There is no ³ in font cmr10!

Overfull \hbox (20.1882pt too wide) in paragraph at lines 65--288
\tenrm or-ga-ni-za-tion=Los An-ge-les, CA  @ar-ti-clelif-s-chitz1987pointwise, 
ti-tle=Pointwise cir-cum-scrip-tion, au-thor=Lifschitz,|

\hbox(6.94444+1.94444)x469.75499, glue set - 1.0
.\tenrm o
.\tenrm r
.\discretionary
..\tenrm -
.\tenrm g
.\tenrm a
.etc.


Overfull \hbox (5.38489pt too wide) in paragraph at lines 65--288
\tenrm cates from a cir-cum-scrip-tion, au-thor=Cadoli, Marco and Eiter, Thomas
 and Got-t-lob, Georg, jour-nal=Artificial|

\hbox(6.94444+1.94444)x469.75499, glue set - 1.0
.\tenrm c
.\tenrm a
.\tenrm t
.\tenrm e
.\tenrm s
.etc.


Overfull \hbox (37.38504pt too wide) in paragraph at lines 65--288
\tenrm In-tel-li-gence, vol-ume=54, num-ber=3, pages=397--410, year=1992, pub-l
isher=Elsevier  @ar-ti-cle-do-herty1997computing,|

\hbox(6.94444+1.94444)x469.75499, glue set - 1.0
.\tenrm I
.\discretionary replacing 2
..\tenrm n
..\tenrm -
.\tenrm n
.\kern-0.27779
.\tenrm t
.etc.


Overfull \hbox (5.38376pt too wide) in paragraph at lines 65--288
\tenrm ti-tle=Computing cir-cum-scrip-tion re-vis-ited: A re-duc-tion al-go-rit
hm, au-thor=Doherty, Patrick and []ukaszewicz,|

\hbox(6.94444+1.94444)x469.75499, glue set - 1.0
.\tenrm t
.\tenrm i
.\discretionary
..\tenrm -
.\tenrm t
.\tenrm l
.etc.


Overfull \hbox (1.44054pt too wide) in paragraph at lines 65--288
\tenrm pages=167--180, year=2008, pub-lisher=Springer  @in-col-lec-tion-lee2009
system, ti-tle=System F2LP--computing|

\hbox(6.94444+1.94444)x469.75499, glue set - 1.0
.\tenrm p
.\tenrm a
.\tenrm g
.\tenrm e
.\tenrm s
.etc.


Overfull \hbox (4.32826pt too wide) in paragraph at lines 65--288
\tenrm ber=1, pages=571--620, year=2012, pub-lisher=AI Ac-cess Foun-da-tion  @i
n-pro-ceed-ingskim2009circumscriptive,|

\hbox(6.94444+1.94444)x469.75499, glue set - 1.0
.\tenrm b
.\kern0.27779
.\tenrm e
.\tenrm r
.\tenrm =
.etc.


Overfull \hbox (9.99492pt too wide) in paragraph at lines 65--288
\tenrm the-o-ries, au-thor=McDermott, Drew, jour-nal=Journal of the ACM (JACM),
 vol-ume=29, num-ber=1, pages=33--|

\hbox(7.5+2.5)x469.75499, glue set - 1.0
.\tenrm t
.\tenrm h
.\tenrm e
.\discretionary
..\tenrm -
.\tenrm o
.etc.


Overfull \hbox (16.80162pt too wide) in paragraph at lines 65--288
\tenrm balar2005reducing, ti-tle=Reducing propo-si-tional the-o-ries in equi-li
b-rium logic to logic pro-grams, au-thor=Cabalar,|

\hbox(6.94444+1.94444)x469.75499, glue set - 1.0
.\tenrm b
.\tenrm a
.\tenrm l
.\tenrm a
.\tenrm r
.etc.


Underfull \vbox (badness 10000) has occurred while \output is active
\vbox(643.20255+1.94444)x469.75499, glue set 4.60127
.\glue(\topskip) 3.05556
.\hbox(6.94444+1.94444)x469.75499, glue set - 0.02634
..\hbox(0.0+0.0)x20.0
..\tenrm @
..\tenrm A
..\tenrm r
..\tenrm t
..etc.
.\penalty 250
.\glue(\baselineskip) 3.11111
.\hbox(6.94444+1.94444)x469.75499, glue set 0.32611
..\tenrm 7
..\tenrm 0
..\tenrm ,
..\glue 3.33333 plus 2.08331 minus 0.88889
..\tenrm j
..etc.
.etc.

 [1{d:/CTEX/UserData/pdftex/config/pdftex.map{Unicode.sfd}{UGBK.sfd}}]
Missing character: There is no Õ in font cmr10!
Missing character: There is no Â in font cmr10!
Missing character: There is no º in font cmr10!
Missing character: There is no â in font cmr10!
Missing character: There is no · in font cmr10!
Missing character: There is no Ç in font cmr10!
Missing character: There is no µ in font cmr10!
Missing character: There is no ¥ in font cmr10!
Missing character: There is no µ in font cmr10!
Missing character: There is no ÷ in font cmr10!
Missing character: There is no Â in font cmr10!
Missing character: There is no ß in font cmr10!
Missing character: There is no ¼ in font cmr10!
Missing character: There is no ­ in font cmr10!
Missing character: There is no µ in font cmr10!
Missing character: There is no Ä in font cmr10!
Missing character: There is no ¿ in font cmr10!
Missing character: There is no É in font cmr10!
Missing character: There is no Å in font cmr10!
Missing character: There is no Ð in font cmr10!
Missing character: There is no ¶ in font cmr10!
Missing character: There is no ¨ in font cmr10!
Missing character: There is no Ð in font cmr10!
Missing character: There is no Ô in font cmr10!
Missing character: There is no Ó in font cmr10!
Missing character: There is no ë in font cmr10!
Missing character: There is no ¿ in font cmr10!
Missing character: There is no É in font cmr10!
Missing character: There is no Ò in font cmr10!
Missing character: There is no ë in font cmr10!
Missing character: There is no Ð in font cmr10!
Missing character: There is no Ô in font cmr10!
Missing character: There is no Ç in font cmr10!
Missing character: There is no å in font cmr10!
Missing character: There is no » in font cmr10!
Missing character: There is no ª in font cmr10!
Missing character: There is no ´ in font cmr10!
Missing character: There is no ó in font cmr10!
Missing character: There is no Ñ in font cmr10!
Missing character: There is no § in font cmr10!
Missing character: There is no ± in font cmr10!
Missing character: There is no ± in font cmr10!
Missing character: There is no ¾ in font cmr10!
Missing character: There is no © in font cmr10!
Missing character: There is no ² in font cmr10!
Missing character: There is no © in font cmr10!
Missing character: There is no Ê in font cmr10!
Missing character: There is no ¿ in font cmr10!
Missing character: There is no Ñ in font cmr10!
Missing character: There is no § in font cmr10!
Missing character: There is no Î in font cmr10!
Missing character: There is no » in font cmr10!
Missing character: There is no Â in font cmr10!
Missing character: There is no Û in font cmr10!
Missing character: There is no Î in font cmr10!
Missing character: There is no Ä in font cmr10!
Missing character: There is no ¡ in font cmr10!
Missing character: There is no ª in font cmr10!
Missing character: There is no Ó in font cmr10!
Missing character: There is no Ã in font cmr10!
Missing character: There is no » in font cmr10!
Missing character: There is no Ø in font cmr10!
Missing character: There is no Ì in font cmr10!
Missing character: There is no ø in font cmr10!
Missing character: There is no · in font cmr10!
Missing character: There is no ¨ in font cmr10!
Missing character: There is no Ç in font cmr10!
Missing character: There is no ó in font cmr10!
Missing character: There is no ½ in font cmr10!
Missing character: There is no â in font cmr10!
Missing character: There is no Î in font cmr10!
Missing character: There is no È in font cmr10!
Missing character: There is no ¶ in font cmr10!
Missing character: There is no ¨ in font cmr10!
Missing character: There is no » in font cmr10!
Missing character: There is no é in font cmr10!
Missing character: There is no Ò in font cmr10!
Missing character: There is no ö in font cmr10!
Missing character: There is no Î in font cmr10!
Missing character: There is no Ê in font cmr10!
Missing character: There is no Ì in font cmr10!
Missing character: There is no â in font cmr10!
Missing character: There is no ¹ in font cmr10!
Missing character: There is no ù in font cmr10!
Missing character: There is no ¶ in font cmr10!
Missing character: There is no « in font cmr10!
Missing character: There is no Á in font cmr10!
Missing character: There is no Á in font cmr10!
Missing character: There is no Õ in font cmr10!
Missing character: There is no Å in font cmr10!
Missing character: There is no Á in font cmr10!
Missing character: There is no ¢ in font cmr10!
Missing character: There is no ³ in font cmr10!
Missing character: There is no ¼ in font cmr10!
Missing character: There is no ¼ in font cmr10!
Missing character: There is no Æ in font cmr10!
Missing character: There is no Ë in font cmr10!
Missing character: There is no ã in font cmr10!
Missing character: There is no » in font cmr10!
Missing character: There is no ú in font cmr10!
Missing character: There is no Ó in font cmr10!
Missing character: There is no ¦ in font cmr10!
Missing character: There is no Ó in font cmr10!
Missing character: There is no Ã in font cmr10!
Missing character: There is no Ñ in font cmr10!
Missing character: There is no Ð in font cmr10!
Missing character: There is no ¾ in font cmr10!
Missing character: There is no ¿ in font cmr10!
Missing character: There is no Î in font cmr10!
Missing character: There is no È in font cmr10!
Missing character: There is no ¶ in font cmr10!
Missing character: There is no ¨ in font cmr10!
Missing character: There is no » in font cmr10!
Missing character: There is no é in font cmr10!
Missing character: There is no Ò in font cmr10!
Missing character: There is no ö in font cmr10!
Missing character: There is no Æ in font cmr10!
Missing character: There is no ¥ in font cmr10!
Missing character: There is no Å in font cmr10!
Missing character: There is no ä in font cmr10!
Missing character: There is no Î in font cmr10!
Missing character: There is no Ê in font cmr10!
Missing character: There is no Ì in font cmr10!
Missing character: There is no â in font cmr10!
Missing character: There is no µ in font cmr10!
Missing character: There is no Ä in font cmr10!
Missing character: There is no Ò in font cmr10!
Missing character: There is no » in font cmr10!
Missing character: There is no ¸ in font cmr10!
Missing character: There is no ö in font cmr10!
Missing character: There is no ¿ in font cmr10!
Missing character: There is no ì in font cmr10!
Missing character: There is no Ë in font cmr10!
Missing character: There is no Ù in font cmr10!
Missing character: There is no Ã in font cmr10!
Missing character: There is no ¶ in font cmr10!
Missing character: There is no ¾ in font cmr10!
Missing character: There is no Ù in font cmr10!
Missing character: There is no Ë in font cmr10!
Missing character: There is no ã in font cmr10!
Missing character: There is no · in font cmr10!
Missing character: There is no ¨ in font cmr10!
Missing character: There is no Ë in font cmr10!
Missing character: There is no Î in font cmr10!
Missing character: There is no Ð in font cmr10!
Missing character: There is no ñ in font cmr10!
Missing character: There is no ¶ in font cmr10!
Missing character: There is no « in font cmr10!
Missing character: There is no ¼ in font cmr10!
Missing character: There is no Í in font cmr10!
Missing character: There is no Ð in font cmr10!
Missing character: There is no ã in font cmr10!
Missing character: There is no » in font cmr10!
Missing character: There is no ¨ in font cmr10!
Missing character: There is no ¹ in font cmr10!
Missing character: There is no ¤ in font cmr10!
Missing character: There is no ³ in font cmr10!
Missing character: There is no Ì in font cmr10!
Missing character: There is no Í in font cmr10!
Missing character: There is no ¼ in font cmr10!
Missing character: There is no Ñ in font cmr10!
Missing character: There is no § in font cmr10!
Missing character: There is no Ñ in font cmr10!
Missing character: There is no § in font cmr10!
Missing character: There is no ± in font cmr10!
Missing character: There is no ¨ in font cmr10!
Missing character: There is no ¡ in font cmr10!
Missing character: There is no ª in font cmr10!
)
*
! Emergency stop.
<*> ...arch/circu/thesis/MasterPaper/reference.bib
                                                  
End of file on the terminal!

!  ==> Fatal error occurred, no output PDF file produced!
