This is pdfTeX, Version 3.1415926-2.3-1.40.12 (MiKTeX 2.9) (preloaded format=pdflatex 2014.12.21)  6 APR 2015 11:34
entering extended mode
**UP.tex
(E:\CtexPaper\hzwPaper\algorithm\UP.tex
LaTeX2e <2011/06/27>
Babel <v3.8m> and hyphenation patterns for loaded.

! LaTeX Error: Environment algorithm undefined.

See the LaTeX manual or LaTeX Companion for explanation.
Type  H <return>  for immediate help.
 ...                                              
                                                  
l.1 \begin{algorithm}
                     \label{UP}
Your command was ignored.
Type  I <command> <return>  to replace it with another command,
or  <return>  to continue without it.

! Undefined control sequence.
l.2 	\SetKwData
               {Dis}{dis}
The control sequence at the end of the top line
of your error message was never \def'ed. If you have
misspelled it (e.g., `\hobx'), type `I' and the correct
spelling (e.g., `I\hbox'). Otherwise just continue,
and I'll forget about whatever was undefined.


! LaTeX Error: Missing \begin{document}.

See the LaTeX manual or LaTeX Companion for explanation.
Type  H <return>  for immediate help.
 ...                                              
                                                  
l.2 	\SetKwData{D
                 is}{dis}
You're in trouble here.  Try typing  <return>  to proceed.
If that doesn't work, type  X <return>  to quit.

Missing character: There is no D in font nullfont!
Missing character: There is no i in font nullfont!
Missing character: There is no s in font nullfont!
Missing character: There is no d in font nullfont!
Missing character: There is no i in font nullfont!
Missing character: There is no s in font nullfont!
! Undefined control sequence.
l.3 	\SetKwFunction
                   {CalculateHammingDistance}{CalculateHammingDistance}
The control sequence at the end of the top line
of your error message was never \def'ed. If you have
misspelled it (e.g., `\hobx'), type `I' and the correct
spelling (e.g., `I\hbox'). Otherwise just continue,
and I'll forget about whatever was undefined.

Missing character: There is no C in font nullfont!
Missing character: There is no a in font nullfont!
Missing character: There is no l in font nullfont!
Missing character: There is no c in font nullfont!
Missing character: There is no u in font nullfont!
Missing character: There is no l in font nullfont!
Missing character: There is no a in font nullfont!
Missing character: There is no t in font nullfont!
Missing character: There is no e in font nullfont!
Missing character: There is no H in font nullfont!
Missing character: There is no a in font nullfont!
Missing character: There is no m in font nullfont!
Missing character: There is no m in font nullfont!
Missing character: There is no i in font nullfont!
Missing character: There is no n in font nullfont!
Missing character: There is no g in font nullfont!
Missing character: There is no D in font nullfont!
Missing character: There is no i in font nullfont!
Missing character: There is no s in font nullfont!
Missing character: There is no t in font nullfont!
Missing character: There is no a in font nullfont!
Missing character: There is no n in font nullfont!
Missing character: There is no c in font nullfont!
Missing character: There is no e in font nullfont!
Missing character: There is no C in font nullfont!
Missing character: There is no a in font nullfont!
Missing character: There is no l in font nullfont!
Missing character: There is no c in font nullfont!
Missing character: There is no u in font nullfont!
Missing character: There is no l in font nullfont!
Missing character: There is no a in font nullfont!
Missing character: There is no t in font nullfont!
Missing character: There is no e in font nullfont!
Missing character: There is no H in font nullfont!
Missing character: There is no a in font nullfont!
Missing character: There is no m in font nullfont!
Missing character: There is no m in font nullfont!
Missing character: There is no i in font nullfont!
Missing character: There is no n in font nullfont!
Missing character: There is no g in font nullfont!
Missing character: There is no D in font nullfont!
Missing character: There is no i in font nullfont!
Missing character: There is no s in font nullfont!
Missing character: There is no t in font nullfont!
Missing character: There is no a in font nullfont!
Missing character: There is no n in font nullfont!
Missing character: There is no c in font nullfont!
Missing character: There is no e in font nullfont!
! Undefined control sequence.
l.4 	\SetKw
           {downto}{downto}\SetKw{return}{return}\SetKw{Break}{break}
The control sequence at the end of the top line
of your error message was never \def'ed. If you have
misspelled it (e.g., `\hobx'), type `I' and the correct
spelling (e.g., `I\hbox'). Otherwise just continue,
and I'll forget about whatever was undefined.

Missing character: There is no d in font nullfont!
Missing character: There is no o in font nullfont!
Missing character: There is no w in font nullfont!
Missing character: There is no n in font nullfont!
Missing character: There is no t in font nullfont!
Missing character: There is no o in font nullfont!
Missing character: There is no d in font nullfont!
Missing character: There is no o in font nullfont!
Missing character: There is no w in font nullfont!
Missing character: There is no n in font nullfont!
Missing character: There is no t in font nullfont!
Missing character: There is no o in font nullfont!
! Undefined control sequence.
l.4 	\SetKw{downto}{downto}\SetKw
                                 {return}{return}\SetKw{Break}{break}
The control sequence at the end of the top line
of your error message was never \def'ed. If you have
misspelled it (e.g., `\hobx'), type `I' and the correct
spelling (e.g., `I\hbox'). Otherwise just continue,
and I'll forget about whatever was undefined.

Missing character: There is no r in font nullfont!
Missing character: There is no e in font nullfont!
Missing character: There is no t in font nullfont!
Missing character: There is no u in font nullfont!
Missing character: There is no r in font nullfont!
Missing character: There is no n in font nullfont!
Missing character: There is no r in font nullfont!
Missing character: There is no e in font nullfont!
Missing character: There is no t in font nullfont!
Missing character: There is no u in font nullfont!
Missing character: There is no r in font nullfont!
Missing character: There is no n in font nullfont!
! Undefined control sequence.
l.4 ...downto}{downto}\SetKw{return}{return}\SetKw
                                                  {Break}{break}
The control sequence at the end of the top line
of your error message was never \def'ed. If you have
misspelled it (e.g., `\hobx'), type `I' and the correct
spelling (e.g., `I\hbox'). Otherwise just continue,
and I'll forget about whatever was undefined.

Missing character: There is no B in font nullfont!
Missing character: There is no r in font nullfont!
Missing character: There is no e in font nullfont!
Missing character: There is no a in font nullfont!
Missing character: There is no k in font nullfont!
Missing character: There is no b in font nullfont!
Missing character: There is no r in font nullfont!
Missing character: There is no e in font nullfont!
Missing character: There is no a in font nullfont!
Missing character: There is no k in font nullfont!
! Undefined control sequence.
l.5 	\SetKwInOut
                {Input}{ÊäÈë}\SetKwInOut{Output}{Êä³ö}
The control sequence at the end of the top line
of your error message was never \def'ed. If you have
misspelled it (e.g., `\hobx'), type `I' and the correct
spelling (e.g., `I\hbox'). Otherwise just continue,
and I'll forget about whatever was undefined.

Missing character: There is no I in font nullfont!
Missing character: There is no n in font nullfont!
Missing character: There is no p in font nullfont!
Missing character: There is no u in font nullfont!
Missing character: There is no t in font nullfont!
Missing character: There is no Ê in font nullfont!
Missing character: There is no ä in font nullfont!
Missing character: There is no È in font nullfont!
Missing character: There is no ë in font nullfont!
! Undefined control sequence.
l.5 	\SetKwInOut{Input}{ÊäÈë}\SetKwInOut
                                        {Output}{Êä³ö}
The control sequence at the end of the top line
of your error message was never \def'ed. If you have
misspelled it (e.g., `\hobx'), type `I' and the correct
spelling (e.g., `I\hbox'). Otherwise just continue,
and I'll forget about whatever was undefined.

Missing character: There is no O in font nullfont!
Missing character: There is no u in font nullfont!
Missing character: There is no t in font nullfont!
Missing character: There is no p in font nullfont!
Missing character: There is no u in font nullfont!
Missing character: There is no t in font nullfont!
Missing character: There is no Ê in font nullfont!
Missing character: There is no ä in font nullfont!
Missing character: There is no ³ in font nullfont!
Missing character: There is no ö in font nullfont!

! LaTeX Error: \caption outside float.

See the LaTeX manual or LaTeX Companion for explanation.
Type  H <return>  for immediate help.
 ...                                              
                                                  
l.6 	\caption
             {¼ÆËãµ¥Î»´«²¥µÄËã·¨$UP(P)$}
You're in trouble here.  Try typing  <return>  to proceed.
If that doesn't work, type  X <return>  to quit.

Missing character: There is no ¼ in font nullfont!
Missing character: There is no Æ in font nullfont!
Missing character: There is no Ë in font nullfont!
Missing character: There is no ã in font nullfont!
Missing character: There is no µ in font nullfont!
Missing character: There is no ¥ in font nullfont!
Missing character: There is no Î in font nullfont!
Missing character: There is no » in font nullfont!
Missing character: There is no ´ in font nullfont!
Missing character: There is no « in font nullfont!
Missing character: There is no ² in font nullfont!
Missing character: There is no ¥ in font nullfont!
Missing character: There is no µ in font nullfont!
Missing character: There is no Ä in font nullfont!
Missing character: There is no Ë in font nullfont!
Missing character: There is no ã in font nullfont!
Missing character: There is no · in font nullfont!
Missing character: There is no ¨ in font nullfont!
LaTeX Font Info:    External font `cmex10' loaded for size
(Font)              <7> on input line 6.
LaTeX Font Info:    External font `cmex10' loaded for size
(Font)              <5> on input line 6.
! Undefined control sequence.
l.7 	\Input
           {Ò»¸öÂß¼­³ÌÐò$P$}
The control sequence at the end of the top line
of your error message was never \def'ed. If you have
misspelled it (e.g., `\hobx'), type `I' and the correct
spelling (e.g., `I\hbox'). Otherwise just continue,
and I'll forget about whatever was undefined.

Missing character: There is no Ò in font nullfont!
Missing character: There is no » in font nullfont!
Missing character: There is no ¸ in font nullfont!
Missing character: There is no ö in font nullfont!
Missing character: There is no Â in font nullfont!
Missing character: There is no ß in font nullfont!
Missing character: There is no ¼ in font nullfont!
Missing character: There is no ­ in font nullfont!
Missing character: There is no ³ in font nullfont!
Missing character: There is no Ì in font nullfont!
Missing character: There is no Ð in font nullfont!
Missing character: There is no ò in font nullfont!
! Undefined control sequence.
l.8 	\Output
            {ÎÄ×Ö¼¯$lit$}
The control sequence at the end of the top line
of your error message was never \def'ed. If you have
misspelled it (e.g., `\hobx'), type `I' and the correct
spelling (e.g., `I\hbox'). Otherwise just continue,
and I'll forget about whatever was undefined.

Missing character: There is no Î in font nullfont!
Missing character: There is no Ä in font nullfont!
Missing character: There is no × in font nullfont!
Missing character: There is no Ö in font nullfont!
Missing character: There is no ¼ in font nullfont!
Missing character: There is no ¯ in font nullfont!

Overfull \hbox (20.0pt too wide) in paragraph at lines 2--9
[]
 []


Overfull \hbox (31.3139pt too wide) in paragraph at lines 2--9
$\OML/cmm/m/it/10 UP\OT1/cmr/m/n/10 (\OML/cmm/m/it/10 P\OT1/cmr/m/n/10 )$
 []


Overfull \hbox (7.80904pt too wide) in paragraph at lines 2--9
$\OML/cmm/m/it/10 P$
 []


Overfull \hbox (10.23682pt too wide) in paragraph at lines 2--9
$\OML/cmm/m/it/10 lit$ 
 []


! LaTeX Error: Missing \begin{document}.

See the LaTeX manual or LaTeX Companion for explanation.
Type  H <return>  for immediate help.
 ...                                              
                                                  
l.10 	$
       \Gamma~:=~P$¶ÔÓ¦µÄ×Ó¾ä£»	\\
You're in trouble here.  Try typing  <return>  to proceed.
If that doesn't work, type  X <return>  to quit.

Missing character: There is no ¶ in font nullfont!
Missing character: There is no Ô in font nullfont!
Missing character: There is no Ó in font nullfont!
Missing character: There is no ¦ in font nullfont!
Missing character: There is no µ in font nullfont!
Missing character: There is no Ä in font nullfont!
Missing character: There is no × in font nullfont!
Missing character: There is no Ó in font nullfont!
Missing character: There is no ¾ in font nullfont!
Missing character: There is no ä in font nullfont!
Missing character: There is no £ in font nullfont!
Missing character: There is no » in font nullfont!
! Undefined control sequence.
<recently read> \If 
                    
l.11 	\If
          {$\emptyset \in \Gamma$} {
The control sequence at the end of the top line
of your error message was never \def'ed. If you have
misspelled it (e.g., `\hobx'), type `I' and the correct
spelling (e.g., `I\hbox'). Otherwise just continue,
and I'll forget about whatever was undefined.

! Undefined control sequence.
l.12 		\return
               $Lit(P)$£»
The control sequence at the end of the top line
of your error message was never \def'ed. If you have
misspelled it (e.g., `\hobx'), type `I' and the correct
spelling (e.g., `I\hbox'). Otherwise just continue,
and I'll forget about whatever was undefined.

Missing character: There is no £ in font nullfont!
Missing character: There is no » in font nullfont!
Missing character: There is no £ in font nullfont!
Missing character: There is no » in font nullfont!
! Undefined control sequence.
<recently read> \If 
                    
l.15 	\If
          {$A$ÊÇ²»Ò»ÖÂµÄ} {
The control sequence at the end of the top line
of your error message was never \def'ed. If you have
misspelled it (e.g., `\hobx'), type `I' and the correct
spelling (e.g., `I\hbox'). Otherwise just continue,
and I'll forget about whatever was undefined.

Missing character: There is no Ê in font nullfont!
Missing character: There is no Ç in font nullfont!
Missing character: There is no ² in font nullfont!
Missing character: There is no » in font nullfont!
Missing character: There is no Ò in font nullfont!
Missing character: There is no » in font nullfont!
Missing character: There is no Ö in font nullfont!
Missing character: There is no Â in font nullfont!
Missing character: There is no µ in font nullfont!
Missing character: There is no Ä in font nullfont!
! Undefined control sequence.
l.16 		\return
               $Lit(P)$£»	\\
The control sequence at the end of the top line
of your error message was never \def'ed. If you have
misspelled it (e.g., `\hobx'), type `I' and the correct
spelling (e.g., `I\hbox'). Otherwise just continue,
and I'll forget about whatever was undefined.

Missing character: There is no £ in font nullfont!
Missing character: There is no » in font nullfont!
! Undefined control sequence.
l.18 	\If
          {$A \neq \emptyset$} {
The control sequence at the end of the top line
of your error message was never \def'ed. If you have
misspelled it (e.g., `\hobx'), type `I' and the correct
spelling (e.g., `I\hbox'). Otherwise just continue,
and I'll forget about whatever was undefined.

! Undefined control sequence.
l.19 		\return
               $A \cup UP(assign(A, \Gamma))$£»	\\
The control sequence at the end of the top line
of your error message was never \def'ed. If you have
misspelled it (e.g., `\hobx'), type `I' and the correct
spelling (e.g., `I\hbox'). Otherwise just continue,
and I'll forget about whatever was undefined.

Missing character: There is no £ in font nullfont!
Missing character: There is no » in font nullfont!
! Undefined control sequence.
l.21 	\Else
            {
The control sequence at the end of the top line
of your error message was never \def'ed. If you have
misspelled it (e.g., `\hobx'), type `I' and the correct
spelling (e.g., `I\hbox'). Otherwise just continue,
and I'll forget about whatever was undefined.

! Undefined control sequence.
l.22 		\retrun
               $\emptyset$	\\
The control sequence at the end of the top line
of your error message was never \def'ed. If you have
misspelled it (e.g., `\hobx'), type `I' and the correct
spelling (e.g., `I\hbox'). Otherwise just continue,
and I'll forget about whatever was undefined.


Overfull \hbox (50.17006pt too wide) in paragraph at lines 10--24
[]$\OT1/cmr/m/n/10   [] :=  []\OML/cmm/m/it/10 P$ 
 []


Overfull \hbox (14.44441pt too wide) in paragraph at lines 10--24
$\OMS/cmsy/m/n/10 ; 2$
 []


Overfull \hbox (6.25002pt too wide) in paragraph at lines 10--24
$\OT1/cmr/m/n/10  $
 []


Overfull \hbox (29.44865pt too wide) in paragraph at lines 10--24
$\OML/cmm/m/it/10 Lit\OT1/cmr/m/n/10 (\OML/cmm/m/it/10 P\OT1/cmr/m/n/10 )$
 []


Overfull \hbox (84.03056pt too wide) in paragraph at lines 10--24
$\OML/cmm/m/it/10 A [] \OT1/cmr/m/n/10 :=  []\OML/cmm/m/it/10 unit[]lause\OT1/c
mr/m/n/10 ( )$ 
 []


Overfull \hbox (7.50002pt too wide) in paragraph at lines 10--24
$\OML/cmm/m/it/10 A$
 []


Overfull \hbox (29.44865pt too wide) in paragraph at lines 10--24
$\OML/cmm/m/it/10 Lit\OT1/cmr/m/n/10 (\OML/cmm/m/it/10 P\OT1/cmr/m/n/10 )$ 
 []


Overfull \hbox (18.05553pt too wide) in paragraph at lines 10--24
$\OML/cmm/m/it/10 A \OMS/cmsy/m/n/10 6\OT1/cmr/m/n/10 =$
 []


Overfull \hbox (5.00002pt too wide) in paragraph at lines 10--24
$\OMS/cmsy/m/n/10 ;$
 []


Overfull \hbox (14.1667pt too wide) in paragraph at lines 10--24
$\OML/cmm/m/it/10 A \OMS/cmsy/m/n/10 [$
 []


Overfull \hbox (78.71394pt too wide) in paragraph at lines 10--24
$\OML/cmm/m/it/10 UP\OT1/cmr/m/n/10 (\OML/cmm/m/it/10 assign\OT1/cmr/m/n/10 (\O
ML/cmm/m/it/10 A; \OT1/cmr/m/n/10  ))$ 
 []


Overfull \hbox (5.00002pt too wide) in paragraph at lines 10--24
$\OMS/cmsy/m/n/10 ;$ 
 []


! LaTeX Error: \begin{document} ended by \end{algorithm}.

See the LaTeX manual or LaTeX Companion for explanation.
Type  H <return>  for immediate help.
 ...                                              
                                                  
l.25 \end{algorithm}
                    
Your command was ignored.
Type  I <command> <return>  to replace it with another command,
or  <return>  to continue without it.

)
! Emergency stop.
<*> UP.tex
          
*** (job aborted, no legal \end found)

 
Here is how much of TeX's memory you used:
 12 strings out of 495354
 209 string characters out of 3183074
 45842 words of memory out of 3000000
 3281 multiletter control sequences out of 15000+200000
 3640 words of font info for 14 fonts, out of 3000000 for 9000
 14 hyphenation exceptions out of 8191
 18i,2n,12p,77b,60s stack positions out of 5000i,500n,10000p,200000b,50000s
!  ==> Fatal error occurred, no output PDF file produced!
